==================================================
2023-07-11 08:15:11.062
Application Start
==================================================
2023-07-11 08:16:16.007
TEST01@naver.com 로그인
==================================================
2023-07-11 08:24:54.843
다운로드 시작
==================================================
2023-07-11 08:24:56.013
다운로드 완료 (개수: 1, 크기: 54.5KB, 시간: 00:00:01:162)
==================================================
2023-07-11 08:30:21.548
Application Start
==================================================
2023-07-11 08:30:44.516
TEST01@naver.com 로그인
==================================================
2023-07-11 08:34:12.320
Application Start
==================================================
2023-07-11 08:34:32.388
TEST01@naver.com 로그인
==================================================
2023-07-11 08:43:24.311
Application Start
==================================================
2023-07-11 08:43:42.247
TEST01@naver.com 로그인
==================================================
2023-07-11 08:47:57.566
Application Start
==================================================
2023-07-11 08:48:15.575
TEST01@naver.com 로그인
==================================================
2023-07-11 08:49:06.695
Application Start
==================================================
2023-07-11 08:49:23.392
TEST01@naver.com 로그인
==================================================
2023-07-11 08:54:38.708
Application Start
==================================================
2023-07-11 08:54:59.004
TEST01@naver.com 로그인
==================================================
2023-07-11 09:10:01.688
Application Start
==================================================
2023-07-11 09:11:50.707
Application Start
==================================================
2023-07-11 09:13:11.420
Application Start
==================================================
2023-07-11 09:14:30.037
Application Start
==================================================
2023-07-11 09:14:46.276
TEST01@naver.com 로그인
==================================================
2023-07-11 09:17:40.366
Application Start
==================================================
2023-07-11 09:17:56.578
TEST01@naver.com 로그인
==================================================
2023-07-11 09:18:44.502
Application Start
==================================================
2023-07-11 09:19:01.615
TEST01@naver.com 로그인
==================================================
2023-07-11 09:23:32.146
Application Start
==================================================
2023-07-11 09:23:49.000
TEST01@naver.com 로그인
==================================================
2023-07-11 09:27:17.901
파일 업로드 시작
==================================================
2023-07-11 09:30:41.758
Application Start
==================================================
2023-07-11 09:31:12.020
TEST01@naver.com 로그인
==================================================
2023-07-11 09:33:19.413
파일 업로드 시작
==================================================
2023-07-11 09:33:19.429
/K-CURE/cro/KC20230710007/TEST01@naver.com/20230710 폴더의 파일 삭제
==================================================
2023-07-11 09:33:20.079
/K-CURE/cro/KC20230710007/TEST01@naver.com/20230710 폴더에 파일 업로드
==================================================
2023-07-11 09:33:32.644
파일 업로드 완료 (개수: 1, 크기: 33.3KB, 시간: 00:00:13:233)
==================================================
2023-07-11 09:33:43.659
/K-CURE/cro/KC20230710007/TEST01@naver.com/20230710 폴더의 파일 삭제
==================================================
2023-07-11 09:37:17.520
파일 업로드 시작
==================================================
2023-07-11 09:37:17.531
/K-CURE/cro/KC20230710007/TEST01@naver.com/20230710 폴더의 파일 삭제
==================================================
2023-07-11 09:37:18.183
/K-CURE/cro/KC20230710007/TEST01@naver.com/20230710 폴더에 파일 업로드
==================================================
2023-07-11 09:38:17.086
파일 업로드 완료 (개수: 1, 크기: 33.3KB, 시간: 00:00:59:564)
==================================================
2023-07-11 09:38:28.456
/K-CURE/cro/KC20230710007/TEST01@naver.com/20230710 폴더의 파일 삭제
==================================================
2023-07-11 10:39:58.414
Application Start
==================================================
2023-07-11 10:42:18.785
Application Start
==================================================
2023-07-11 10:42:53.469
Application Start
==================================================
2023-07-11 10:43:10.408
TEST01@naver.com 로그인
==================================================
2023-07-11 10:46:53.912
파일 업로드 시작
==================================================
2023-07-11 10:47:22.672
/K-CURE/cro/KC20230710007/TEST01@naver.com/20230710 폴더의 파일 삭제
==================================================
2023-07-11 10:47:23.442
/K-CURE/cro/KC20230710007/TEST01@naver.com/20230710 폴더에 파일 업로드
==================================================
2023-07-11 10:51:44.293
Application Start
==================================================
2023-07-11 10:52:02.917
TEST01@naver.com 로그인
==================================================
2023-07-11 10:52:30.771
파일 업로드 시작
==================================================
2023-07-11 10:52:32.518
/K-CURE/cro/KC20230710007/TEST01@naver.com/20230710 폴더의 파일 삭제
==================================================
2023-07-11 10:52:33.373
/K-CURE/cro/KC20230710007/TEST01@naver.com/20230710 폴더에 파일 업로드
==================================================
2023-07-11 10:54:15.550
파일 업로드 완료 (개수: 1, 크기: 10.3MB, 시간: 00:01:44:780)
==================================================
2023-07-11 10:54:19.321
/K-CURE/cro/KC20230710007/TEST01@naver.com/20230710 폴더의 파일 삭제
==================================================
2023-07-11 10:56:03.388
파일 업로드 시작
==================================================
2023-07-11 10:56:06.363
/K-CURE/cro/KC20230710007/TEST01@naver.com/20230710 폴더의 파일 삭제
==================================================
2023-07-11 10:56:07.048
/K-CURE/cro/KC20230710007/TEST01@naver.com/20230710 폴더에 파일 업로드
==================================================
2023-07-11 11:05:29.757
파일 업로드 완료 (개수: 1, 크기: 57.3MB, 시간: 00:09:26:369)
==================================================
2023-07-11 11:05:33.280
/K-CURE/cro/KC20230710007/TEST01@naver.com/20230710 폴더의 파일 삭제
==================================================
2023-07-11 13:07:20.588
Application Start
==================================================
2023-07-11 13:07:44.584
TEST01@naver.com 로그인
==================================================
2023-07-11 13:09:19.283
파일 업로드 시작
==================================================
2023-07-11 13:09:41.436
/K-CURE/cro/KC20230710007/TEST01@naver.com/20230710 폴더의 파일 삭제
==================================================
2023-07-11 13:10:23.427
/K-CURE/cro/KC20230710007/TEST01@naver.com/20230710 폴더에 파일 업로드
==================================================
2023-07-11 13:33:55.731
Application Start
==================================================
2023-07-11 13:34:14.515
TEST01@naver.com 로그인
==================================================
2023-07-11 13:35:02.576
파일 업로드 시작
==================================================
2023-07-11 13:35:27.411
/K-CURE/cro/KC20230710007/TEST01@naver.com/20230710 폴더의 파일 삭제
==================================================
2023-07-11 13:35:28.039
/K-CURE/cro/KC20230710007/TEST01@naver.com/20230710 폴더에 파일 업로드
==================================================
2023-07-11 13:44:16.769
파일 업로드 완료 (개수: 1, 크기: 57.3MB, 시간: 00:09:14:189)
==================================================
2023-07-11 13:45:41.833
/K-CURE/cro/KC20230710007/TEST01@naver.com/20230710 폴더의 파일 삭제
==================================================
2023-07-11 14:00:18.665
Application Start
==================================================
2023-07-11 14:00:35.165
TEST01@naver.com 로그인
==================================================
2023-07-11 14:00:50.934
파일 업로드 시작
==================================================
2023-07-11 14:00:50.949
/K-CURE/cro/KC20230710007/TEST01@naver.com/20230710 폴더의 파일 삭제
==================================================
2023-07-11 14:00:51.474
/K-CURE/cro/KC20230710007/TEST01@naver.com/20230710 폴더에 파일 업로드
==================================================
2023-07-11 14:09:15.605
파일 업로드 완료 (개수: 1, 크기: 57.3MB, 시간: 00:08:24:669)
==================================================
2023-07-11 14:13:39.546
/K-CURE/cro/KC20230710007/TEST01@naver.com/20230710 폴더의 파일 삭제
==================================================
2023-07-11 14:39:41.725
Application Start
==================================================
2023-07-11 14:40:06.204
TEST01@naver.com 로그인
==================================================
2023-07-11 14:40:21.374
파일 업로드 시작
==================================================
2023-07-11 14:40:21.391
/K-CURE/cro/KC20230710007/TEST01@naver.com/20230710 폴더의 파일 삭제
==================================================
2023-07-11 14:40:22.284
/K-CURE/cro/KC20230710007/TEST01@naver.com/20230710 폴더에 파일 업로드
==================================================
2023-07-11 14:40:23.622
파일 업로드 완료 (개수: 1, 크기: 1KB, 시간: 00:00:02:244)
==================================================
2023-07-11 14:42:51.545
Application Start
==================================================
2023-07-11 14:43:09.811
TEST01@naver.com 로그인
==================================================
2023-07-11 14:43:43.946
파일 업로드 시작
==================================================
2023-07-11 14:43:43.958
/K-CURE/cro/KC20230710007/TEST01@naver.com/20230710 폴더의 파일 삭제
==================================================
2023-07-11 14:43:44.662
/K-CURE/cro/KC20230710007/TEST01@naver.com/20230710 폴더에 파일 업로드
==================================================
2023-07-11 14:45:50.824
파일 업로드 완료 (개수: 1, 크기: 1KB, 시간: 00:02:06:863)
==================================================
2023-07-11 14:48:43.701
Application Start
==================================================
2023-07-11 14:49:00.581
TEST01@naver.com 로그인
==================================================
2023-07-11 14:49:28.439
파일 업로드 시작
==================================================
2023-07-11 14:49:28.453
/K-CURE/cro/KC20230710007/TEST01@naver.com/20230710 폴더의 파일 삭제
==================================================
2023-07-11 14:49:29.173
/K-CURE/cro/KC20230710007/TEST01@naver.com/20230710 폴더에 파일 업로드
==================================================
2023-07-11 14:49:47.908
파일 업로드 완료 (개수: 1, 크기: 1KB, 시간: 00:00:19:467)
==================================================
2023-07-11 14:50:07.688
/K-CURE/cro/KC20230710007/TEST01@naver.com/20230710 폴더의 파일 삭제
==================================================
2023-07-11 14:54:27.647
Application Start
==================================================
2023-07-11 14:54:43.512
TEST01@naver.com 로그인
==================================================
2023-07-11 14:54:55.283
파일 업로드 시작
==================================================
2023-07-11 14:54:55.295
/K-CURE/cro/KC20230710007/TEST01@naver.com/20230710 폴더의 파일 삭제
==================================================
2023-07-11 14:54:55.918
/K-CURE/cro/KC20230710007/TEST01@naver.com/20230710 폴더에 파일 업로드
==================================================
2023-07-11 14:54:57.188
파일 업로드 완료 (개수: 1, 크기: 1KB, 시간: 00:00:01:900)
==================================================
2023-07-11 14:55:16.791
/K-CURE/cro/KC20230710007/TEST01@naver.com/20230710 폴더의 파일 삭제
==================================================
2023-07-11 14:57:50.139
Application Start
==================================================
2023-07-11 14:58:06.478
TEST01@naver.com 로그인
==================================================
2023-07-11 14:58:17.469
파일 업로드 시작
==================================================
2023-07-11 14:58:17.483
/K-CURE/cro/KC20230710007/TEST01@naver.com/20230710 폴더의 파일 삭제
==================================================
2023-07-11 14:58:18.073
/K-CURE/cro/KC20230710007/TEST01@naver.com/20230710 폴더에 파일 업로드
==================================================
2023-07-11 14:58:19.281
파일 업로드 완료 (개수: 1, 크기: 1KB, 시간: 00:00:01:810)
==================================================
2023-07-11 15:02:21.024
Application Start
==================================================
2023-07-11 15:02:39.718
TEST01@naver.com 로그인
==================================================
2023-07-11 15:03:03.662
파일 업로드 시작
==================================================
2023-07-11 15:03:03.674
/K-CURE/cro/KC20230710007/TEST01@naver.com/20230710 폴더의 파일 삭제
==================================================
2023-07-11 15:03:04.587
/K-CURE/cro/KC20230710007/TEST01@naver.com/20230710 폴더에 파일 업로드
==================================================
2023-07-11 15:03:05.773
파일 업로드 완료 (개수: 1, 크기: 1KB, 시간: 00:00:02:108)
==================================================
2023-07-11 15:03:06.423
/K-CURE/cro/KC20230710007/TEST01@naver.com/20230710 폴더의 파일 삭제
==================================================
2023-07-11 15:04:13.092
파일 업로드 시작
==================================================
2023-07-11 15:04:13.108
/K-CURE/cro/KC20230710007/TEST01@naver.com/20230710 폴더의 파일 삭제
==================================================
2023-07-11 15:04:13.751
/K-CURE/cro/KC20230710007/TEST01@naver.com/20230710 폴더에 파일 업로드
==================================================
2023-07-11 15:04:14.988
파일 업로드 완료 (개수: 1, 크기: 1KB, 시간: 00:00:01:891)
==================================================
2023-07-11 15:08:05.316
/K-CURE/cro/KC20230710007/TEST01@naver.com/20230710 폴더의 파일 삭제
