==================================================
2023-07-18 09:05:01.143
Application Start
==================================================
2023-07-18 09:10:38.605
Application Start
==================================================
2023-07-18 09:10:58.324
TEST01@naver.com 로그인
==================================================
2023-07-18 09:13:39.172
Application Start
==================================================
2023-07-18 09:14:03.024
TEST01@naver.com 로그인
==================================================
2023-07-18 09:33:18.995
Application Start
==================================================
2023-07-18 09:34:08.033
TEST01@naver.com 로그인
==================================================
2023-07-18 09:43:07.836
Application Start
==================================================
2023-07-18 09:43:21.924
TEST01@naver.com 로그인
==================================================
2023-07-18 09:45:27.226
Application Start
==================================================
2023-07-18 09:45:41.569
TEST01@naver.com 로그인
==================================================
2023-07-18 09:48:19.067
Application Start
==================================================
2023-07-18 09:48:43.335
TEST01@naver.com 로그인
==================================================
2023-07-18 09:52:27.848
다운로드 시작
==================================================
2023-07-18 09:52:27.914
다운로드 완료 (개수: 1, 크기: 48.9KB, 시간: 00:00:00:066)
==================================================
2023-07-18 09:53:25.883
다운로드 시작
==================================================
2023-07-18 09:53:25.925
다운로드 완료 (개수: 1, 크기: 48.9KB, 시간: 00:00:00:042)
==================================================
2023-07-18 09:55:35.917
Application Start
==================================================
2023-07-18 09:55:55.375
TEST01@naver.com 로그인
==================================================
2023-07-18 10:01:47.257
다운로드 시작
==================================================
2023-07-18 10:01:47.313
다운로드 완료 (개수: 1, 크기: 48.7KB, 시간: 00:00:00:065)
==================================================
2023-07-18 10:14:03.143
Application Start
==================================================
2023-07-18 10:14:16.892
TEST01@naver.com 로그인
==================================================
2023-07-18 10:14:28.128
다운로드 시작
==================================================
2023-07-18 10:17:37.293
다운로드 완료 (개수: 1, 크기: 48.7KB, 시간: 00:03:09:164)
==================================================
2023-07-18 10:23:53.865
Application Start
==================================================
2023-07-18 10:24:08.349
TEST01@naver.com 로그인
==================================================
2023-07-18 10:24:39.620
다운로드 시작
==================================================
2023-07-18 10:24:47.925
다운로드 완료 (개수: 1, 크기: 48.7KB, 시간: 00:00:08:307)
==================================================
2023-07-18 10:26:10.654
다운로드 시작
==================================================
2023-07-18 10:26:22.973
다운로드 완료 (개수: 1, 크기: 48.7KB, 시간: 00:00:12:319)
==================================================
2023-07-18 10:29:17.247
Application Start
==================================================
2023-07-18 10:29:32.779
TEST01@naver.com 로그인
==================================================
2023-07-18 10:29:43.415
다운로드 시작
==================================================
2023-07-18 10:29:46.846
다운로드 완료 (개수: 1, 크기: 48.7KB, 시간: 00:00:03:430)
==================================================
2023-07-18 10:31:12.013
Application Start
==================================================
2023-07-18 10:31:26.188
TEST01@naver.com 로그인
==================================================
2023-07-18 10:31:34.969
다운로드 시작
==================================================
2023-07-18 10:31:41.486
다운로드 완료 (개수: 1, 크기: 48.9KB, 시간: 00:00:06:515)
==================================================
2023-07-18 10:33:18.812
Application Start
==================================================
2023-07-18 10:33:32.430
TEST01@naver.com 로그인
==================================================
2023-07-18 10:33:40.752
다운로드 시작
==================================================
2023-07-18 10:33:44.522
다운로드 완료 (개수: 1, 크기: 48.7KB, 시간: 00:00:03:770)
==================================================
2023-07-18 10:34:31.773
다운로드 시작
==================================================
2023-07-18 10:37:59.390
Application Start
==================================================
2023-07-18 10:38:12.672
TEST01@naver.com 로그인
==================================================
2023-07-18 10:38:23.586
다운로드 시작
==================================================
2023-07-18 10:38:35.814
다운로드 완료 (개수: 1, 크기: 48.7KB, 시간: 00:00:12:226)
==================================================
2023-07-18 10:39:18.404
다운로드 시작
==================================================
2023-07-18 10:39:26.367
다운로드 완료 (개수: 1, 크기: 4.9KB, 시간: 00:00:07:964)
==================================================
2023-07-18 10:50:44.559
파일 업로드 시작
==================================================
2023-07-18 10:50:44.572
/K-CURE/cro/KC20230714003/TEST01@naver.com/20230710 폴더의 파일 삭제
==================================================
2023-07-18 10:50:44.622
/K-CURE/cro/KC20230714003/TEST01@naver.com/20230710 폴더에 파일 업로드
==================================================
2023-07-18 10:50:44.846
파일 업로드 완료 (개수: 1, 크기: 1KB, 시간: 00:00:00:288)
==================================================
2023-07-18 10:50:56.063
/K-CURE/cro/KC20230714003/TEST01@naver.com/20230710 폴더의 파일 삭제
==================================================
2023-07-18 10:51:38.705
다운로드 시작
==================================================
2023-07-18 10:55:30.168
Application Start
==================================================
2023-07-18 10:55:44.728
TEST01@naver.com 로그인
==================================================
2023-07-18 10:56:46.503
Application Start
==================================================
2023-07-18 10:57:10.803
TEST01@naver.com 로그인
==================================================
2023-07-18 10:57:28.441
파일 업로드 시작
==================================================
2023-07-18 10:57:28.456
/K-CURE/cro/KC20230714003/TEST01@naver.com/20230710 폴더의 파일 삭제
==================================================
2023-07-18 10:57:28.516
/K-CURE/cro/KC20230714003/TEST01@naver.com/20230710 폴더에 파일 업로드
==================================================
2023-07-18 10:58:39.525
Application Start
==================================================
2023-07-18 10:58:53.293
TEST01@naver.com 로그인
==================================================
2023-07-18 11:00:53.342
Application Start
==================================================
2023-07-18 11:01:07.016
TEST01@naver.com 로그인
==================================================
2023-07-18 11:03:50.981
Application Start
==================================================
2023-07-18 11:04:34.667
TEST01@naver.com 로그인
==================================================
2023-07-18 11:08:45.514
Application Start
==================================================
2023-07-18 11:08:59.809
TEST01@naver.com 로그인
==================================================
2023-07-18 11:09:38.512
파일 업로드 시작
==================================================
2023-07-18 11:09:38.529
/K-CURE/cro/KC20230714003/TEST01@naver.com/20230710 폴더의 파일 삭제
==================================================
2023-07-18 11:09:38.591
/K-CURE/cro/KC20230714003/TEST01@naver.com/20230710 폴더에 파일 업로드
==================================================
2023-07-18 11:09:38.721
파일 업로드 완료 (개수: 1, 크기: 1KB, 시간: 00:00:00:206)
==================================================
2023-07-18 11:09:47.163
/K-CURE/cro/KC20230714003/TEST01@naver.com/20230710 폴더의 파일 삭제
==================================================
2023-07-18 11:11:55.109
다운로드 시작
==================================================
2023-07-18 11:12:16.101
다운로드 완료 (개수: 1, 크기: 48.7KB, 시간: 00:00:20:992)
==================================================
2023-07-18 11:12:21.600
다운로드 시작
==================================================
2023-07-18 11:12:52.572
Application Start
==================================================
2023-07-18 11:13:08.633
TEST01@naver.com 로그인
==================================================
2023-07-18 11:13:18.956
다운로드 시작
==================================================
2023-07-18 11:17:03.651
Application Start
==================================================
2023-07-18 11:17:47.502
TEST01@naver.com 로그인
==================================================
2023-07-18 11:17:52.960
다운로드 시작
==================================================
2023-07-18 11:20:10.642
다운로드 완료 (개수: 4, 크기: 26.2KB, 시간: 00:02:17:682)
==================================================
2023-07-18 11:21:05.475
다운로드 시작
==================================================
2023-07-18 11:21:05.529
다운로드 완료 (개수: 1, 크기: 48.7KB, 시간: 00:00:00:055)
==================================================
2023-07-18 11:21:15.639
다운로드 시작
==================================================
2023-07-18 11:21:15.731
다운로드 완료 (개수: 4, 크기: 26.2KB, 시간: 00:00:00:092)
==================================================
2023-07-18 11:21:36.338
Application End
==================================================
2023-07-18 11:22:58.477
Application Start
==================================================
2023-07-18 11:23:12.880
TEST01@naver.com 로그인
==================================================
2023-07-18 11:23:23.593
다운로드 시작
==================================================
2023-07-18 11:23:23.651
다운로드 완료 (개수: 1, 크기: 48.9KB, 시간: 00:00:00:057)
==================================================
2023-07-18 11:23:29.940
다운로드 시작
==================================================
2023-07-18 11:23:31.904
다운로드 완료 (개수: 4, 크기: 26.2KB, 시간: 00:00:01:966)
==================================================
2023-07-18 11:23:41.336
다운로드 시작
==================================================
2023-07-18 11:23:41.403
다운로드 완료 (개수: 1, 크기: 48.7KB, 시간: 00:00:00:068)
==================================================
2023-07-18 11:24:07.489
파일 업로드 시작
==================================================
2023-07-18 11:24:07.499
/K-CURE/cro/KC20230714003/TEST01@naver.com/20230710 폴더의 파일 삭제
==================================================
2023-07-18 11:24:07.553
/K-CURE/cro/KC20230714003/TEST01@naver.com/20230710 폴더에 파일 업로드
==================================================
2023-07-18 11:24:07.671
파일 업로드 완료 (개수: 1, 크기: 1KB, 시간: 00:00:00:181)
==================================================
2023-07-18 11:27:07.839
Application Start
==================================================
2023-07-18 11:27:22.123
TEST01@naver.com 로그인
==================================================
2023-07-18 11:31:02.796
Application Start
==================================================
2023-07-18 11:32:06.173
Application Start
==================================================
2023-07-18 11:32:55.202
Application Start
==================================================
2023-07-18 12:38:39.039
Application Start
==================================================
2023-07-18 12:40:17.985
Application Start
==================================================
2023-07-18 12:44:17.198
Application Start
==================================================
2023-07-18 12:45:27.588
Application Start
==================================================
2023-07-18 12:45:59.366
Application Start
==================================================
2023-07-18 12:48:03.431
Application Start
==================================================
2023-07-18 12:49:04.543
Application Start
==================================================
2023-07-18 12:49:51.447
Application Start
==================================================
2023-07-18 13:04:10.423
Application Start
==================================================
2023-07-18 13:12:23.138
Application Start
==================================================
2023-07-18 13:12:53.941
Application Start
==================================================
2023-07-18 13:13:32.155
Application Start
==================================================
2023-07-18 13:14:04.460
Application Start
==================================================
2023-07-18 13:17:18.838
Application Start
==================================================
2023-07-18 13:17:39.392
TEST01@naver.com 로그인
==================================================
2023-07-18 13:18:18.588
다운로드 시작
==================================================
2023-07-18 13:18:18.650
다운로드 완료 (개수: 1, 크기: 48.7KB, 시간: 00:00:00:062)
==================================================
2023-07-18 13:18:35.778
다운로드 시작
==================================================
2023-07-18 13:18:36.148
다운로드 완료 (개수: 4, 크기: 26.2KB, 시간: 00:00:00:370)
==================================================
2023-07-18 13:19:50.528
파일 업로드 시작
==================================================
2023-07-18 13:19:50.539
/K-CURE/cro/KC20230714003/TEST01@naver.com/20230710 폴더의 파일 삭제
==================================================
2023-07-18 13:19:50.620
/K-CURE/cro/KC20230714003/TEST01@naver.com/20230710 폴더에 파일 업로드
==================================================
2023-07-18 13:19:50.768
파일 업로드 완료 (개수: 1, 크기: 1KB, 시간: 00:00:00:239)
==================================================
2023-07-18 13:21:07.446
Application End
==================================================
2023-07-18 13:25:38.206
Application Start
==================================================
2023-07-18 13:26:22.541
Application Start
==================================================
2023-07-18 13:28:03.181
Application Start
==================================================
2023-07-18 13:28:48.420
TEST01@naver.com 로그인
==================================================
2023-07-18 13:29:36.075
Application End
==================================================
2023-07-18 13:32:18.343
Application Start
==================================================
2023-07-18 13:34:38.683
Application Start
==================================================
2023-07-18 13:35:06.537
Application Start
==================================================
2023-07-18 13:35:52.673
Application Start
==================================================
2023-07-18 13:36:19.225
TEST01@naver.com 로그인
==================================================
2023-07-18 13:58:41.158
Application Start
==================================================
2023-07-18 13:59:12.515
Application Start
==================================================
2023-07-18 13:59:47.805
Application Start
==================================================
2023-07-18 14:04:07.955
Application Start
==================================================
2023-07-18 14:04:25.193
TEST01@naver.com 로그인
==================================================
2023-07-18 14:04:50.398
Application Start
==================================================
2023-07-18 14:07:42.771
Application Start
==================================================
2023-07-18 14:08:46.592
TEST01@naver.com 로그인
==================================================
2023-07-18 14:10:08.738
Application Start
==================================================
2023-07-18 14:10:29.834
TEST01@naver.com 로그인
==================================================
2023-07-18 14:14:10.365
다운로드 시작
==================================================
2023-07-18 14:14:10.726
다운로드 완료 (개수: 1, 크기: 54.5KB, 시간: 00:00:00:359)
==================================================
2023-07-18 14:14:31.183
파일 업로드 시작
==================================================
2023-07-18 14:14:31.195
/K-CURE/cro/KC20230713004/TEST01@naver.com/20230718 폴더의 파일 삭제
==================================================
2023-07-18 14:14:31.728
/K-CURE/cro/KC20230713004/TEST01@naver.com/20230718 폴더에 파일 업로드
==================================================
2023-07-18 14:14:31.940
파일 업로드 완료 (개수: 1, 크기: 33.2KB, 시간: 00:00:00:756)
==================================================
2023-07-18 17:42:06.178
Application Start
==================================================
2023-07-18 17:43:00.565
Application Start
