==================================================
2023-07-17 14:20:22.227
Application Start
==================================================
2023-07-17 14:23:49.102
Application Start
==================================================
2023-07-17 14:25:48.047
Application Start
==================================================
2023-07-17 14:29:17.682
Application Start
==================================================
2023-07-17 14:31:28.753
Application Start
==================================================
2023-07-17 14:32:45.143
Application Start
==================================================
2023-07-17 14:33:06.440
Application Start
==================================================
2023-07-17 14:35:08.425
Application Start
==================================================
2023-07-17 14:36:54.756
Application Start
==================================================
2023-07-17 14:38:50.164
Application Start
==================================================
2023-07-17 15:10:52.071
Application Start
==================================================
2023-07-17 15:11:56.734
Application Start
==================================================
2023-07-17 15:31:30.152
Application Start
==================================================
2023-07-17 15:32:07.938
Application Start
==================================================
2023-07-17 15:41:59.271
Application Start
==================================================
2023-07-17 15:48:02.903
Application Start
==================================================
2023-07-17 15:48:43.375
Application Start
==================================================
2023-07-17 15:49:40.497
Application Start
==================================================
2023-07-17 15:58:53.217
Application Start
==================================================
2023-07-17 17:06:06.501
Application Start
==================================================
2023-07-17 17:08:24.565
Application Start
==================================================
2023-07-17 17:09:28.494
Application Start
==================================================
2023-07-17 17:11:32.088
Application Start
==================================================
2023-07-17 17:17:26.881
Application Start
==================================================
2023-07-17 17:18:05.892
TEST01@naver.com 로그인
==================================================
2023-07-17 17:21:54.217
Application Start
==================================================
2023-07-17 17:22:31.332
TEST01@naver.com 로그인
==================================================
2023-07-17 17:26:06.137
Application Start
==================================================
2023-07-17 17:29:46.141
TEST01@naver.com 로그인
==================================================
2023-07-17 17:35:25.406
Application Start
==================================================
2023-07-17 17:38:20.625
Application Start
==================================================
2023-07-17 17:39:40.028
Application Start
==================================================
2023-07-17 17:46:20.341
Application Start
==================================================
2023-07-17 17:51:41.990
Application Start
==================================================
2023-07-17 17:52:25.739
Application Start
==================================================
2023-07-17 17:59:13.580
Application Start
==================================================
2023-07-17 18:02:51.319
Application Start
==================================================
2023-07-17 18:03:42.733
TEST01@naver.com 로그인
==================================================
2023-07-17 18:07:30.177
Application Start
==================================================
2023-07-17 18:08:10.902
TEST01@naver.com 로그인
==================================================
2023-07-17 18:12:17.218
Application Start
==================================================
2023-07-17 18:13:21.393
TEST01@naver.com 로그인
==================================================
2023-07-17 18:58:49.284
Application Start
==================================================
2023-07-17 18:59:08.315
TEST01@naver.com 로그인
==================================================
2023-07-17 19:01:44.265
Application Start
==================================================
2023-07-17 19:02:51.703
TEST01@naver.com 로그인
==================================================
2023-07-17 19:04:39.329
Application Start
==================================================
2023-07-17 19:04:55.936
TEST01@naver.com 로그인
==================================================
2023-07-17 19:06:16.924
Application Start
==================================================
2023-07-17 19:06:34.747
TEST01@naver.com 로그인
==================================================
2023-07-17 19:13:48.059
Application Start
==================================================
2023-07-17 19:14:10.928
TEST01@naver.com 로그인
==================================================
2023-07-17 19:16:48.857
Application End
==================================================
2023-07-17 19:20:23.745
Application Start
==================================================
2023-07-17 19:20:41.279
TEST01@naver.com 로그인
==================================================
2023-07-17 19:46:06.145
Application Start
==================================================
2023-07-17 19:46:20.558
TEST01@naver.com 로그인
==================================================
2023-07-17 19:51:03.360
Application Start
==================================================
2023-07-17 19:51:17.850
TEST01@naver.com 로그인
==================================================
2023-07-17 19:57:18.563
Application Start
==================================================
2023-07-17 19:57:41.386
TEST01@naver.com 로그인
==================================================
2023-07-17 20:04:22.192
Application Start
==================================================
2023-07-17 20:04:39.898
TEST01@naver.com 로그인
==================================================
2023-07-17 20:45:14.205
Application Start
==================================================
2023-07-17 20:45:44.777
TEST01@naver.com 로그인
==================================================
2023-07-17 20:56:21.089
Application Start
==================================================
2023-07-17 20:56:35.500
TEST01@naver.com 로그인
==================================================
2023-07-17 21:04:13.092
Application Start
==================================================
2023-07-17 21:04:32.730
TEST01@naver.com 로그인
