==================================================
2023-07-10 14:26:30.432
Application Start
==================================================
2023-07-10 14:31:46.246
Application Start
==================================================
2023-07-10 14:32:24.592
Application Start
==================================================
2023-07-10 14:34:32.871
Application Start
==================================================
2023-07-10 14:35:20.475
Application Start
==================================================
2023-07-10 14:36:04.314
Application Start
==================================================
2023-07-10 14:36:11.022
Application Start
==================================================
2023-07-10 14:37:19.379
Application Start
==================================================
2023-07-10 14:38:49.378
Application Start
==================================================
2023-07-10 14:42:30.428
Application Start
==================================================
2023-07-10 14:44:03.098
TEST01@naver.com 로그인
==================================================
2023-07-10 14:46:57.094
Application Start
==================================================
2023-07-10 14:47:22.107
TEST01@naver.com 로그인
==================================================
2023-07-10 14:48:28.633
Application Start
==================================================
2023-07-10 14:53:37.303
Application Start
==================================================
2023-07-10 14:55:11.661
TEST01@naver.com 로그인
==================================================
2023-07-10 15:43:57.425
Application End
==================================================
2023-07-10 15:51:11.467
Application Start
==================================================
2023-07-10 15:51:44.738
Application Start
==================================================
2023-07-10 15:53:05.345
Application Start
==================================================
2023-07-10 15:57:23.775
Application Start
==================================================
2023-07-10 15:57:44.903
TEST01@naver.com 로그인
==================================================
2023-07-10 16:02:50.644
Application End
==================================================
2023-07-10 16:02:58.173
Application Start
==================================================
2023-07-10 16:03:18.619
TEST01@naver.com 로그인
==================================================
2023-07-10 16:10:53.168
Application Start
==================================================
2023-07-10 16:11:14.253
TEST01@naver.com 로그인
==================================================
2023-07-10 16:19:23.746
Application Start
==================================================
2023-07-10 20:09:53.877
Application Start
==================================================
2023-07-10 20:11:26.462
Application Start
==================================================
2023-07-10 20:23:32.965
Application Start
==================================================
2023-07-10 20:25:14.715
Application Start
==================================================
2023-07-10 20:34:30.299
Application Start
==================================================
2023-07-10 20:38:36.133
Application Start
==================================================
2023-07-10 20:43:25.683
Application Start
==================================================
2023-07-10 20:48:00.066
Application Start
==================================================
2023-07-10 20:53:00.227
Application Start
==================================================
2023-07-10 20:54:07.118
Application Start
==================================================
2023-07-10 21:08:01.798
Application Start
==================================================
2023-07-10 21:09:21.823
Application Start
==================================================
2023-07-10 21:11:27.310
Application Start
==================================================
2023-07-10 23:00:34.566
Application Start
