==================================================
2023-07-12 09:02:47.597
Application Start
==================================================
2023-07-12 09:05:31.286
Application Start
==================================================
2023-07-12 09:07:45.816
Application Start
==================================================
2023-07-12 09:08:02.148
TEST01@naver.com 로그인
==================================================
2023-07-12 13:51:50.430
Application Start
==================================================
2023-07-12 13:52:59.786
Application Start
==================================================
2023-07-12 13:54:52.060
Application Start
==================================================
2023-07-12 13:55:09.309
TEST01@naver.com 로그인
==================================================
2023-07-12 13:58:03.063
Application Start
==================================================
2023-07-12 13:59:49.442
TEST01@naver.com 로그인
==================================================
2023-07-12 14:10:04.703
Application Start
==================================================
2023-07-12 14:10:18.313
TEST01@naver.com 로그인
==================================================
2023-07-12 14:11:08.838
파일 업로드 시작
==================================================
2023-07-12 14:11:08.853
/K-CURE/cro/KC20230710007/TEST01@naver.com/20230710 폴더의 파일 삭제
==================================================
2023-07-12 14:11:08.936
/K-CURE/cro/KC20230710007/TEST01@naver.com/20230710 폴더에 파일 업로드
==================================================
2023-07-12 14:11:09.071
파일 업로드 완료 (개수: 1, 크기: 1KB, 시간: 00:00:00:225)
==================================================
2023-07-12 14:11:14.728
/K-CURE/cro/KC20230710007/TEST01@naver.com/20230710 폴더의 파일 삭제
==================================================
2023-07-12 14:16:41.935
파일 업로드 시작
==================================================
2023-07-12 14:16:41.945
/K-CURE/cro/KC20230710007/TEST01@naver.com/20230710 폴더의 파일 삭제
==================================================
2023-07-12 14:16:42.016
/K-CURE/cro/KC20230710007/TEST01@naver.com/20230710 폴더에 파일 업로드
==================================================
2023-07-12 14:16:42.432
파일 업로드 완료 (개수: 1, 크기: 145.2KB, 시간: 00:00:00:496)
==================================================
2023-07-12 14:16:47.778
/K-CURE/cro/KC20230710007/TEST01@naver.com/20230710 폴더의 파일 삭제
==================================================
2023-07-12 14:18:04.370
파일 업로드 시작
==================================================
2023-07-12 14:18:04.379
/K-CURE/cro/KC20230710007/TEST01@naver.com/20230710 폴더의 파일 삭제
==================================================
2023-07-12 14:18:04.449
/K-CURE/cro/KC20230710007/TEST01@naver.com/20230710 폴더에 파일 업로드
==================================================
2023-07-12 14:19:55.135
파일 업로드 완료 (개수: 1, 크기: 57.5MB, 시간: 00:01:50:764)
==================================================
2023-07-12 14:19:58.575
/K-CURE/cro/KC20230710007/TEST01@naver.com/20230710 폴더의 파일 삭제
==================================================
2023-07-12 14:27:03.019
Application Start
==================================================
2023-07-12 14:27:17.705
TEST01@naver.com 로그인
==================================================
2023-07-12 14:34:50.800
파일 업로드 시작
==================================================
2023-07-12 14:34:50.810
/K-CURE/cro/KC20230710007/TEST01@naver.com/20230710 폴더의 파일 삭제
==================================================
2023-07-12 14:34:50.877
/K-CURE/cro/KC20230710007/TEST01@naver.com/20230710 폴더에 파일 업로드
==================================================
2023-07-12 14:34:51.013
파일 업로드 완료 (개수: 1, 크기: 1KB, 시간: 00:00:00:212)
==================================================
2023-07-12 14:36:46.606
/K-CURE/cro/KC20230710007/TEST01@naver.com/20230710 폴더의 파일 삭제
==================================================
2023-07-12 14:37:20.242
파일 업로드 시작
==================================================
2023-07-12 14:37:20.261
/K-CURE/cro/KC20230710007/TEST01@naver.com/20230710 폴더의 파일 삭제
==================================================
2023-07-12 14:37:20.323
/K-CURE/cro/KC20230710007/TEST01@naver.com/20230710 폴더에 파일 업로드
==================================================
2023-07-12 14:37:20.447
파일 업로드 완료 (개수: 1, 크기: 1KB, 시간: 00:00:00:202)
==================================================
2023-07-12 14:37:22.626
/K-CURE/cro/KC20230710007/TEST01@naver.com/20230710 폴더의 파일 삭제
==================================================
2023-07-12 15:04:58.705
Application Start
==================================================
2023-07-12 15:05:17.799
TEST01@naver.com 로그인
==================================================
2023-07-12 15:11:38.600
Application Start
==================================================
2023-07-12 15:12:01.718
TEST01@naver.com 로그인
==================================================
2023-07-12 15:12:27.411
다운로드 시작
==================================================
2023-07-12 15:12:30.757
다운로드 완료 (개수: 4, 크기: 501.5KB, 시간: 00:00:03:347)
==================================================
2023-07-12 15:30:41.157
Application Start
==================================================
2023-07-12 15:31:00.426
TEST01@naver.com 로그인
==================================================
2023-07-12 15:32:18.554
다운로드 시작
==================================================
2023-07-12 15:32:18.830
다운로드 완료 (개수: 1, 크기: 54.5KB, 시간: 00:00:00:274)
==================================================
2023-07-12 15:38:49.836
Application Start
==================================================
2023-07-12 15:40:20.553
TEST01@naver.com 로그인
==================================================
2023-07-12 15:42:56.169
파일 업로드 시작
==================================================
2023-07-12 15:42:56.193
/K-CURE/cro/KC20230710007/TEST01@naver.com/20230710 폴더의 파일 삭제
==================================================
2023-07-12 15:42:56.271
/K-CURE/cro/KC20230710007/TEST01@naver.com/20230710 폴더에 파일 업로드
==================================================
2023-07-12 15:42:56.621
파일 업로드 완료 (개수: 1, 크기: 34.1KB, 시간: 00:00:00:450)
==================================================
2023-07-12 15:43:05.566
/K-CURE/cro/KC20230710007/TEST01@naver.com/20230710 폴더의 파일 삭제
