==================================================
2023-07-10 20:09:58.392
Message:
Input string was not in a correct format.
Source:
System.Private.CoreLib
StackTrace:
   at System.Text.ValueStringBuilder.ThrowFormatInvalidString()
   at System.Text.ValueStringBuilder.AppendFormatHelper(IFormatProvider provider, String format, ReadOnlySpan`1 args)
   at System.IO.StreamWriter.WriteFormatHelper(String format, ReadOnlySpan`1 args, Boolean appendNewLine)
   at System.IO.StreamWriter.WriteLine(String format, Object arg0, Object arg1)
   at System.IO.TextWriter.SyncTextWriter.WriteLine(String format, Object arg0, Object arg1)
   at System.Console.WriteLine(String format, Object arg0, Object arg1)
   at KCureVDIDataBox.CApi.Log(String category, String log) in C:\Users\User\Workspaces\visualStudio\Kcure-Data-Access\KCureDataAccess\CApi.cs:line 4681
   at KCureVDIDataBox.CApi.Login(String id, String password) in C:\Users\User\Workspaces\visualStudio\Kcure-Data-Access\KCureDataAccess\CApi.cs:line 4633
   at KCureVDIDataBox.LoginBox.btnOk_Click(Object sender, EventArgs e) in C:\Users\User\Workspaces\visualStudio\Kcure-Data-Access\KCureDataAccess\LoginBox.cs:line 92
TargetSite:
Void ThrowFormatInvalidString()
==================================================
2023-07-10 20:10:10.260
Message:
Input string was not in a correct format.
Source:
System.Private.CoreLib
StackTrace:
   at System.Text.ValueStringBuilder.ThrowFormatInvalidString()
   at System.Text.ValueStringBuilder.AppendFormatHelper(IFormatProvider provider, String format, ReadOnlySpan`1 args)
   at System.IO.StreamWriter.WriteFormatHelper(String format, ReadOnlySpan`1 args, Boolean appendNewLine)
   at System.IO.StreamWriter.WriteLine(String format, Object arg0, Object arg1)
   at System.IO.TextWriter.SyncTextWriter.WriteLine(String format, Object arg0, Object arg1)
   at System.Console.WriteLine(String format, Object arg0, Object arg1)
   at KCureVDIDataBox.CApi.Log(String category, String log) in C:\Users\User\Workspaces\visualStudio\Kcure-Data-Access\KCureDataAccess\CApi.cs:line 4681
   at KCureVDIDataBox.CApi.Login(String id, String password) in C:\Users\User\Workspaces\visualStudio\Kcure-Data-Access\KCureDataAccess\CApi.cs:line 4633
   at KCureVDIDataBox.LoginBox.btnOk_Click(Object sender, EventArgs e) in C:\Users\User\Workspaces\visualStudio\Kcure-Data-Access\KCureDataAccess\LoginBox.cs:line 92
TargetSite:
Void ThrowFormatInvalidString()
==================================================
2023-07-10 20:10:27.098
Message:
Input string was not in a correct format.
Source:
System.Private.CoreLib
StackTrace:
   at System.Text.ValueStringBuilder.ThrowFormatInvalidString()
   at System.Text.ValueStringBuilder.AppendFormatHelper(IFormatProvider provider, String format, ReadOnlySpan`1 args)
   at System.IO.StreamWriter.WriteFormatHelper(String format, ReadOnlySpan`1 args, Boolean appendNewLine)
   at System.IO.StreamWriter.WriteLine(String format, Object arg0, Object arg1)
   at System.IO.TextWriter.SyncTextWriter.WriteLine(String format, Object arg0, Object arg1)
   at System.Console.WriteLine(String format, Object arg0, Object arg1)
   at KCureVDIDataBox.CApi.Log(String category, String log) in C:\Users\User\Workspaces\visualStudio\Kcure-Data-Access\KCureDataAccess\CApi.cs:line 4681
   at KCureVDIDataBox.CApi.Login(String id, String password) in C:\Users\User\Workspaces\visualStudio\Kcure-Data-Access\KCureDataAccess\CApi.cs:line 4633
   at KCureVDIDataBox.LoginBox.btnOk_Click(Object sender, EventArgs e) in C:\Users\User\Workspaces\visualStudio\Kcure-Data-Access\KCureDataAccess\LoginBox.cs:line 92
TargetSite:
Void ThrowFormatInvalidString()
==================================================
2023-07-10 20:13:19.683
Message:
연결된 구성원으로부터 응답이 없어 연결하지 못했거나, 호스트로부터 응답이 없어 연결이 끊어졌습니다.
Source:
Renci.SshNet
StackTrace:
   at Renci.SshNet.Abstractions.SocketAbstraction.ConnectCore(Socket socket, IPEndPoint remoteEndpoint, TimeSpan connectTimeout, Boolean ownsSocket)
   at Renci.SshNet.Abstractions.SocketAbstraction.Connect(Socket socket, IPEndPoint remoteEndpoint, TimeSpan connectTimeout)
   at Renci.SshNet.Connection.ConnectorBase.SocketConnect(String host, Int32 port, TimeSpan timeout)
   at Renci.SshNet.Connection.DirectConnector.Connect(IConnectionInfo connectionInfo)
   at Renci.SshNet.Session.Connect()
   at Renci.SshNet.BaseClient.CreateAndConnectSession()
   at Renci.SshNet.BaseClient.Connect()
   at KCureDataAccess.CFtpClient..ctor(String host, String user, String pass, Int32 port, Encoding encoding)
   at KCureVDIDataBox.CUiServer.GetFtpClient()
   at KCureVDIDataBox.CUiServer..ctor(Boolean forCarry, Form frm, TextBox txtServer, TreeView tvwServer, ListView lvwServer, ListView lvwStatus, ProgressBar prgSub, ProgressBar prgMain, Button btnStop, Button btnRequestFile)
   at KCureVDIDataBox.MainForm..ctor()
TargetSite:
Void ConnectCore(System.Net.Sockets.Socket, System.Net.IPEndPoint, System.TimeSpan, Boolean)
==================================================
2023-07-10 20:24:04.535
Message:
연결된 구성원으로부터 응답이 없어 연결하지 못했거나, 호스트로부터 응답이 없어 연결이 끊어졌습니다.
Source:
Renci.SshNet
StackTrace:
   at Renci.SshNet.Abstractions.SocketAbstraction.ConnectCore(Socket socket, IPEndPoint remoteEndpoint, TimeSpan connectTimeout, Boolean ownsSocket)
   at Renci.SshNet.Abstractions.SocketAbstraction.Connect(Socket socket, IPEndPoint remoteEndpoint, TimeSpan connectTimeout)
   at Renci.SshNet.Connection.ConnectorBase.SocketConnect(String host, Int32 port, TimeSpan timeout)
   at Renci.SshNet.Connection.DirectConnector.Connect(IConnectionInfo connectionInfo)
   at Renci.SshNet.Session.Connect()
   at Renci.SshNet.BaseClient.CreateAndConnectSession()
   at Renci.SshNet.BaseClient.Connect()
   at KCureDataAccess.CFtpClient..ctor(String host, String user, String pass, Int32 port, Encoding encoding) in C:\Users\User\Workspaces\visualStudio\Kcure-Data-Access\KCureDataAccess\CFtpClient.cs:line 59
   at KCureVDIDataBox.CUiServer.GetFtpClient() in C:\Users\User\Workspaces\visualStudio\Kcure-Data-Access\KCureDataAccess\CUiServer.cs:line 141
   at KCureVDIDataBox.CUiServer..ctor(Boolean forCarry, Form frm, TextBox txtServer, TreeView tvwServer, ListView lvwServer, ListView lvwStatus, ProgressBar prgSub, ProgressBar prgMain, Button btnStop, Button btnRequestFile) in C:\Users\User\Workspaces\visualStudio\Kcure-Data-Access\KCureDataAccess\CUiServer.cs:line 48
   at KCureVDIDataBox.MainForm..ctor() in C:\Users\User\Workspaces\visualStudio\Kcure-Data-Access\KCureDataAccess\MainForm.cs:line 40
TargetSite:
Void ConnectCore(System.Net.Sockets.Socket, System.Net.IPEndPoint, System.TimeSpan, Boolean)
==================================================
2023-07-10 20:35:04.606
Message:
연결된 구성원으로부터 응답이 없어 연결하지 못했거나, 호스트로부터 응답이 없어 연결이 끊어졌습니다.
Source:
Renci.SshNet
StackTrace:
   at Renci.SshNet.Abstractions.SocketAbstraction.ConnectCore(Socket socket, IPEndPoint remoteEndpoint, TimeSpan connectTimeout, Boolean ownsSocket)
   at Renci.SshNet.Abstractions.SocketAbstraction.Connect(Socket socket, IPEndPoint remoteEndpoint, TimeSpan connectTimeout)
   at Renci.SshNet.Connection.ConnectorBase.SocketConnect(String host, Int32 port, TimeSpan timeout)
   at Renci.SshNet.Connection.DirectConnector.Connect(IConnectionInfo connectionInfo)
   at Renci.SshNet.Session.Connect()
   at Renci.SshNet.BaseClient.CreateAndConnectSession()
   at Renci.SshNet.BaseClient.Connect()
   at KCureDataAccess.CFtpClient..ctor(String host, String user, String pass, Int32 port, Encoding encoding) in C:\Users\User\Workspaces\visualStudio\Kcure-Data-Access\KCureDataAccess\CFtpClient.cs:line 59
   at KCureVDIDataBox.CUiServer.GetFtpClient() in C:\Users\User\Workspaces\visualStudio\Kcure-Data-Access\KCureDataAccess\CUiServer.cs:line 141
   at KCureVDIDataBox.CUiServer..ctor(Boolean forCarry, Form frm, TextBox txtServer, TreeView tvwServer, ListView lvwServer, ListView lvwStatus, ProgressBar prgSub, ProgressBar prgMain, Button btnStop, Button btnRequestFile) in C:\Users\User\Workspaces\visualStudio\Kcure-Data-Access\KCureDataAccess\CUiServer.cs:line 48
   at KCureVDIDataBox.MainForm..ctor() in C:\Users\User\Workspaces\visualStudio\Kcure-Data-Access\KCureDataAccess\MainForm.cs:line 40
TargetSite:
Void ConnectCore(System.Net.Sockets.Socket, System.Net.IPEndPoint, System.TimeSpan, Boolean)
==================================================
2023-07-10 20:39:19.693
Message:
연결된 구성원으로부터 응답이 없어 연결하지 못했거나, 호스트로부터 응답이 없어 연결이 끊어졌습니다.
Source:
Renci.SshNet
StackTrace:
   at Renci.SshNet.Abstractions.SocketAbstraction.ConnectCore(Socket socket, IPEndPoint remoteEndpoint, TimeSpan connectTimeout, Boolean ownsSocket)
   at Renci.SshNet.Abstractions.SocketAbstraction.Connect(Socket socket, IPEndPoint remoteEndpoint, TimeSpan connectTimeout)
   at Renci.SshNet.Connection.ConnectorBase.SocketConnect(String host, Int32 port, TimeSpan timeout)
   at Renci.SshNet.Connection.DirectConnector.Connect(IConnectionInfo connectionInfo)
   at Renci.SshNet.Session.Connect()
   at Renci.SshNet.BaseClient.CreateAndConnectSession()
   at Renci.SshNet.BaseClient.Connect()
   at KCureDataAccess.CFtpClient..ctor(String host, String user, String pass, Int32 port, Encoding encoding) in C:\Users\User\Workspaces\visualStudio\Kcure-Data-Access\KCureDataAccess\CFtpClient.cs:line 59
   at KCureVDIDataBox.CUiServer.GetFtpClient() in C:\Users\User\Workspaces\visualStudio\Kcure-Data-Access\KCureDataAccess\CUiServer.cs:line 141
   at KCureVDIDataBox.CUiServer..ctor(Boolean forCarry, Form frm, TextBox txtServer, TreeView tvwServer, ListView lvwServer, ListView lvwStatus, ProgressBar prgSub, ProgressBar prgMain, Button btnStop, Button btnRequestFile) in C:\Users\User\Workspaces\visualStudio\Kcure-Data-Access\KCureDataAccess\CUiServer.cs:line 48
   at KCureVDIDataBox.MainForm..ctor() in C:\Users\User\Workspaces\visualStudio\Kcure-Data-Access\KCureDataAccess\MainForm.cs:line 40
TargetSite:
Void ConnectCore(System.Net.Sockets.Socket, System.Net.IPEndPoint, System.TimeSpan, Boolean)
==================================================
2023-07-10 20:43:58.118
Message:
Failed to connect to host.
Source:
FluentFTP
StackTrace:
   at FluentFTP.FtpSocketStream.Connect(String host, Int32 port, FtpIpVersion ipVersions)
   at FluentFTP.FtpClient.Connect(FtpSocketStream stream)
   at FluentFTP.FtpClient.Connect(Boolean reConnect)
   at FluentFTP.FtpClient.Connect()
   at KCureDataAccess.CFtpClient..ctor(String host, String user, String pass, Int32 port, Encoding encoding) in C:\Users\User\Workspaces\visualStudio\Kcure-Data-Access\KCureDataAccess\CFtpClient.cs:line 47
   at KCureVDIDataBox.CUiServer.GetFtpClient() in C:\Users\User\Workspaces\visualStudio\Kcure-Data-Access\KCureDataAccess\CUiServer.cs:line 141
   at KCureVDIDataBox.CUiServer..ctor(Boolean forCarry, Form frm, TextBox txtServer, TreeView tvwServer, ListView lvwServer, ListView lvwStatus, ProgressBar prgSub, ProgressBar prgMain, Button btnStop, Button btnRequestFile) in C:\Users\User\Workspaces\visualStudio\Kcure-Data-Access\KCureDataAccess\CUiServer.cs:line 48
   at KCureVDIDataBox.MainForm..ctor() in C:\Users\User\Workspaces\visualStudio\Kcure-Data-Access\KCureDataAccess\MainForm.cs:line 40
TargetSite:
Void Connect(System.String, Int32, FluentFTP.FtpIpVersion)
==================================================
2023-07-10 20:49:00.443
Message:
Failed to connect to host.
Source:
FluentFTP
StackTrace:
   at FluentFTP.FtpSocketStream.Connect(String host, Int32 port, FtpIpVersion ipVersions)
   at FluentFTP.FtpClient.Connect(FtpSocketStream stream)
   at FluentFTP.FtpClient.Connect(Boolean reConnect)
   at FluentFTP.FtpClient.Connect()
   at KCureDataAccess.CFtpClient..ctor(String host, String user, String pass, Int32 port, Encoding encoding) in C:\Users\User\Workspaces\visualStudio\Kcure-Data-Access\KCureDataAccess\CFtpClient.cs:line 52
   at KCureVDIDataBox.CUiServer.GetFtpClient() in C:\Users\User\Workspaces\visualStudio\Kcure-Data-Access\KCureDataAccess\CUiServer.cs:line 141
   at KCureVDIDataBox.CUiServer..ctor(Boolean forCarry, Form frm, TextBox txtServer, TreeView tvwServer, ListView lvwServer, ListView lvwStatus, ProgressBar prgSub, ProgressBar prgMain, Button btnStop, Button btnRequestFile) in C:\Users\User\Workspaces\visualStudio\Kcure-Data-Access\KCureDataAccess\CUiServer.cs:line 48
   at KCureVDIDataBox.MainForm..ctor() in C:\Users\User\Workspaces\visualStudio\Kcure-Data-Access\KCureDataAccess\MainForm.cs:line 40
TargetSite:
Void Connect(System.String, Int32, FluentFTP.FtpIpVersion)
==================================================
2023-07-10 20:54:37.040
Message:
연결된 구성원으로부터 응답이 없어 연결하지 못했거나, 호스트로부터 응답이 없어 연결이 끊어졌습니다.
Source:
Renci.SshNet
StackTrace:
   at Renci.SshNet.Abstractions.SocketAbstraction.ConnectCore(Socket socket, IPEndPoint remoteEndpoint, TimeSpan connectTimeout, Boolean ownsSocket)
   at Renci.SshNet.Abstractions.SocketAbstraction.Connect(Socket socket, IPEndPoint remoteEndpoint, TimeSpan connectTimeout)
   at Renci.SshNet.Connection.ConnectorBase.SocketConnect(String host, Int32 port, TimeSpan timeout)
   at Renci.SshNet.Connection.DirectConnector.Connect(IConnectionInfo connectionInfo)
   at Renci.SshNet.Session.Connect()
   at Renci.SshNet.BaseClient.CreateAndConnectSession()
   at Renci.SshNet.BaseClient.Connect()
   at KCureDataAccess.CFtpClient..ctor(String host, String user, String pass, Int32 port, Encoding encoding) in C:\Users\User\Workspaces\visualStudio\Kcure-Data-Access\KCureDataAccess\CFtpClient.cs:line 59
   at KCureVDIDataBox.CUiServer.GetFtpClient() in C:\Users\User\Workspaces\visualStudio\Kcure-Data-Access\KCureDataAccess\CUiServer.cs:line 145
   at KCureVDIDataBox.CUiServer..ctor(Boolean forCarry, Form frm, TextBox txtServer, TreeView tvwServer, ListView lvwServer, ListView lvwStatus, ProgressBar prgSub, ProgressBar prgMain, Button btnStop, Button btnRequestFile) in C:\Users\User\Workspaces\visualStudio\Kcure-Data-Access\KCureDataAccess\CUiServer.cs:line 48
   at KCureVDIDataBox.MainForm..ctor() in C:\Users\User\Workspaces\visualStudio\Kcure-Data-Access\KCureDataAccess\MainForm.cs:line 40
TargetSite:
Void ConnectCore(System.Net.Sockets.Socket, System.Net.IPEndPoint, System.TimeSpan, Boolean)
==================================================
2023-07-10 21:09:51.293
Message:
연결된 구성원으로부터 응답이 없어 연결하지 못했거나, 호스트로부터 응답이 없어 연결이 끊어졌습니다.
Source:
Renci.SshNet
StackTrace:
   at Renci.SshNet.Abstractions.SocketAbstraction.ConnectCore(Socket socket, IPEndPoint remoteEndpoint, TimeSpan connectTimeout, Boolean ownsSocket)
   at Renci.SshNet.Abstractions.SocketAbstraction.Connect(Socket socket, IPEndPoint remoteEndpoint, TimeSpan connectTimeout)
   at Renci.SshNet.Connection.ConnectorBase.SocketConnect(String host, Int32 port, TimeSpan timeout)
   at Renci.SshNet.Connection.DirectConnector.Connect(IConnectionInfo connectionInfo)
   at Renci.SshNet.Session.Connect()
   at Renci.SshNet.BaseClient.CreateAndConnectSession()
   at Renci.SshNet.BaseClient.Connect()
   at KCureDataAccess.CFtpClient..ctor(String host, String user, String pass, Int32 port, Encoding encoding) in C:\Users\User\Workspaces\visualStudio\Kcure-Data-Access\KCureDataAccess\CFtpClient.cs:line 61
   at KCureVDIDataBox.CUiServer.GetFtpClient() in C:\Users\User\Workspaces\visualStudio\Kcure-Data-Access\KCureDataAccess\CUiServer.cs:line 145
   at KCureVDIDataBox.CUiServer..ctor(Boolean forCarry, Form frm, TextBox txtServer, TreeView tvwServer, ListView lvwServer, ListView lvwStatus, ProgressBar prgSub, ProgressBar prgMain, Button btnStop, Button btnRequestFile) in C:\Users\User\Workspaces\visualStudio\Kcure-Data-Access\KCureDataAccess\CUiServer.cs:line 48
   at KCureVDIDataBox.MainForm..ctor() in C:\Users\User\Workspaces\visualStudio\Kcure-Data-Access\KCureDataAccess\MainForm.cs:line 40
TargetSite:
Void ConnectCore(System.Net.Sockets.Socket, System.Net.IPEndPoint, System.TimeSpan, Boolean)
==================================================
2023-07-10 21:12:04.131
Message:
연결된 구성원으로부터 응답이 없어 연결하지 못했거나, 호스트로부터 응답이 없어 연결이 끊어졌습니다.
Source:
Renci.SshNet
StackTrace:
   at Renci.SshNet.Abstractions.SocketAbstraction.ConnectCore(Socket socket, IPEndPoint remoteEndpoint, TimeSpan connectTimeout, Boolean ownsSocket)
   at Renci.SshNet.Abstractions.SocketAbstraction.Connect(Socket socket, IPEndPoint remoteEndpoint, TimeSpan connectTimeout)
   at Renci.SshNet.Connection.ConnectorBase.SocketConnect(String host, Int32 port, TimeSpan timeout)
   at Renci.SshNet.Connection.DirectConnector.Connect(IConnectionInfo connectionInfo)
   at Renci.SshNet.Session.Connect()
   at Renci.SshNet.BaseClient.CreateAndConnectSession()
   at Renci.SshNet.BaseClient.Connect()
   at KCureDataAccess.CFtpClient..ctor(String host, String user, String pass, Int32 port, Encoding encoding) in C:\Users\User\Workspaces\visualStudio\Kcure-Data-Access\KCureDataAccess\CFtpClient.cs:line 61
   at KCureVDIDataBox.CUiServer.GetFtpClient() in C:\Users\User\Workspaces\visualStudio\Kcure-Data-Access\KCureDataAccess\CUiServer.cs:line 145
   at KCureVDIDataBox.CUiServer..ctor(Boolean forCarry, Form frm, TextBox txtServer, TreeView tvwServer, ListView lvwServer, ListView lvwStatus, ProgressBar prgSub, ProgressBar prgMain, Button btnStop, Button btnRequestFile) in C:\Users\User\Workspaces\visualStudio\Kcure-Data-Access\KCureDataAccess\CUiServer.cs:line 48
   at KCureVDIDataBox.MainForm..ctor() in C:\Users\User\Workspaces\visualStudio\Kcure-Data-Access\KCureDataAccess\MainForm.cs:line 40
TargetSite:
Void ConnectCore(System.Net.Sockets.Socket, System.Net.IPEndPoint, System.TimeSpan, Boolean)
==================================================
2023-07-10 23:00:36.908
Message:
알려진 호스트가 없습니다. (kr1-xdtafvxh5g-kcure01.api.gov-nhncloudservice.com:443)
Source:
System.Net.Http
StackTrace:
   at System.Net.Http.HttpConnectionPool.ConnectToTcpHostAsync(String host, Int32 port, HttpRequestMessage initialRequest, Boolean async, CancellationToken cancellationToken)
   at System.Net.Http.HttpConnectionPool.ConnectAsync(HttpRequestMessage request, Boolean async, CancellationToken cancellationToken)
   at System.Net.Http.HttpConnectionPool.CreateHttp11ConnectionAsync(HttpRequestMessage request, Boolean async, CancellationToken cancellationToken)
   at System.Net.Http.HttpConnectionPool.AddHttp11ConnectionAsync(QueueItem queueItem)
   at System.Threading.Tasks.TaskCompletionSourceWithCancellation`1.WaitWithCancellationAsync(CancellationToken cancellationToken)
   at System.Net.Http.HttpConnectionPool.HttpConnectionWaiter`1.WaitForConnectionAsync(Boolean async, CancellationToken requestCancellationToken)
   at System.Net.Http.HttpConnectionPool.SendWithVersionDetectionAndRetryAsync(HttpRequestMessage request, Boolean async, Boolean doRequestAuth, CancellationToken cancellationToken)
   at System.Net.Http.RedirectHandler.SendAsync(HttpRequestMessage request, Boolean async, CancellationToken cancellationToken)
   at System.Net.Http.HttpClient.<SendAsync>g__Core|83_0(HttpRequestMessage request, HttpCompletionOption completionOption, CancellationTokenSource cts, Boolean disposeCts, CancellationTokenSource pendingRequestsCts, CancellationToken originalCancellationToken)
   at KCureVDIDataBox.CApi.Send[T](String url, String jsonContent) in C:\Users\User\Workspaces\visualStudio\Kcure-Data-Access\KCureDataAccess\CApi.cs:line 59
TargetSite:
Void MoveNext()

Message:
알려진 호스트가 없습니다.
Source:
System.Net.Sockets
StackTrace:
   at System.Net.Sockets.Socket.AwaitableSocketAsyncEventArgs.ThrowException(SocketError error, CancellationToken cancellationToken)
   at System.Net.Sockets.Socket.AwaitableSocketAsyncEventArgs.System.Threading.Tasks.Sources.IValueTaskSource.GetResult(Int16 token)
   at System.Net.Sockets.Socket.<ConnectAsync>g__WaitForConnectWithCancellation|281_0(AwaitableSocketAsyncEventArgs saea, ValueTask connectTask, CancellationToken cancellationToken)
   at System.Net.Http.HttpConnectionPool.ConnectToTcpHostAsync(String host, Int32 port, HttpRequestMessage initialRequest, Boolean async, CancellationToken cancellationToken)
TargetSite:
Void ThrowException(System.Net.Sockets.SocketError, System.Threading.CancellationToken)
