==================================================
2023-07-11 09:10:07.022
Message:
After parsing a value an unexpected character was encountered: A. Path 'result.applyResult.authCode[0].AU006[221].carryFile', line 1796, position 27.
Source:
Newtonsoft.Json
StackTrace:
   at Newtonsoft.Json.JsonTextReader.ParsePostValue(Boolean ignoreComments)
   at Newtonsoft.Json.JsonTextReader.Read()
   at Newtonsoft.Json.JsonWriter.WriteToken(JsonReader reader, Boolean writeChildren, Boolean writeDateConstructorAsDate, Boolean writeComments)
   at Newtonsoft.Json.Linq.JTokenWriter.WriteToken(JsonReader reader, Boolean writeChildren, Boolean writeDateConstructorAsDate, Boolean writeComments)
   at Newtonsoft.Json.Serialization.JsonSerializerInternalReader.CreateJObject(JsonReader reader)
   at Newtonsoft.Json.Serialization.JsonSerializerInternalReader.CreateObject(JsonReader reader, Type objectType, JsonContract contract, JsonProperty member, JsonContainerContract containerContract, JsonProperty containerMember, Object existingValue)
   at Newtonsoft.Json.Serialization.JsonSerializerInternalReader.CreateValueInternal(JsonReader reader, Type objectType, JsonContract contract, JsonProperty member, JsonContainerContract containerContract, JsonProperty containerMember, Object existingValue)
   at Newtonsoft.Json.Serialization.JsonSerializerInternalReader.Deserialize(JsonReader reader, Type objectType, Boolean checkAdditionalContent)
   at Newtonsoft.Json.JsonSerializer.DeserializeInternal(JsonReader reader, Type objectType)
   at Newtonsoft.Json.JsonSerializer.Deserialize(JsonReader reader, Type objectType)
   at Newtonsoft.Json.JsonConvert.DeserializeObject(String value, Type type, JsonSerializerSettings settings)
   at Newtonsoft.Json.JsonConvert.DeserializeObject(String value)
   at KCureVDIDataBox.CApi.PrettifyJSON(String json) in C:\Users\User\Workspaces\visualStudio\Kcure-Data-Access\KCureDataAccess\CApi.cs:line 4716
   at KCureVDIDataBox.CApi.Send[T](String url, String jsonContent) in C:\Users\User\Workspaces\visualStudio\Kcure-Data-Access\KCureDataAccess\CApi.cs:line 4617
TargetSite:
Boolean ParsePostValue(Boolean)
==================================================
2023-07-11 09:11:53.432
Message:
After parsing a value an unexpected character was encountered: m. Path 'result.applyResult.authCode[0].AU006[221].carryFile', line 1794, position 31.
Source:
Newtonsoft.Json
StackTrace:
   at Newtonsoft.Json.JsonTextReader.ParsePostValue(Boolean ignoreComments)
   at Newtonsoft.Json.JsonTextReader.Read()
   at Newtonsoft.Json.JsonWriter.WriteToken(JsonReader reader, Boolean writeChildren, Boolean writeDateConstructorAsDate, Boolean writeComments)
   at Newtonsoft.Json.Linq.JTokenWriter.WriteToken(JsonReader reader, Boolean writeChildren, Boolean writeDateConstructorAsDate, Boolean writeComments)
   at Newtonsoft.Json.Serialization.JsonSerializerInternalReader.CreateJObject(JsonReader reader)
   at Newtonsoft.Json.Serialization.JsonSerializerInternalReader.CreateObject(JsonReader reader, Type objectType, JsonContract contract, JsonProperty member, JsonContainerContract containerContract, JsonProperty containerMember, Object existingValue)
   at Newtonsoft.Json.Serialization.JsonSerializerInternalReader.CreateValueInternal(JsonReader reader, Type objectType, JsonContract contract, JsonProperty member, JsonContainerContract containerContract, JsonProperty containerMember, Object existingValue)
   at Newtonsoft.Json.Serialization.JsonSerializerInternalReader.Deserialize(JsonReader reader, Type objectType, Boolean checkAdditionalContent)
   at Newtonsoft.Json.JsonSerializer.DeserializeInternal(JsonReader reader, Type objectType)
   at Newtonsoft.Json.JsonSerializer.Deserialize(JsonReader reader, Type objectType)
   at Newtonsoft.Json.JsonConvert.DeserializeObject(String value, Type type, JsonSerializerSettings settings)
   at Newtonsoft.Json.JsonConvert.DeserializeObject(String value)
   at KCureVDIDataBox.CApi.PrettifyJSON(String json) in C:\Users\User\Workspaces\visualStudio\Kcure-Data-Access\KCureDataAccess\CApi.cs:line 4717
   at KCureVDIDataBox.CApi.Send[T](String url, String jsonContent) in C:\Users\User\Workspaces\visualStudio\Kcure-Data-Access\KCureDataAccess\CApi.cs:line 4618
TargetSite:
Boolean ParsePostValue(Boolean)
==================================================
2023-07-11 09:12:03.615
Message:
After parsing a value an unexpected character was encountered: m. Path 'result.applyResult.authCode[0].AU006[221].carryFile', line 1794, position 31.
Source:
Newtonsoft.Json
StackTrace:
   at Newtonsoft.Json.JsonTextReader.ParsePostValue(Boolean ignoreComments)
   at Newtonsoft.Json.JsonTextReader.Read()
   at Newtonsoft.Json.JsonWriter.WriteToken(JsonReader reader, Boolean writeChildren, Boolean writeDateConstructorAsDate, Boolean writeComments)
   at Newtonsoft.Json.Linq.JTokenWriter.WriteToken(JsonReader reader, Boolean writeChildren, Boolean writeDateConstructorAsDate, Boolean writeComments)
   at Newtonsoft.Json.Serialization.JsonSerializerInternalReader.CreateJObject(JsonReader reader)
   at Newtonsoft.Json.Serialization.JsonSerializerInternalReader.CreateObject(JsonReader reader, Type objectType, JsonContract contract, JsonProperty member, JsonContainerContract containerContract, JsonProperty containerMember, Object existingValue)
   at Newtonsoft.Json.Serialization.JsonSerializerInternalReader.CreateValueInternal(JsonReader reader, Type objectType, JsonContract contract, JsonProperty member, JsonContainerContract containerContract, JsonProperty containerMember, Object existingValue)
   at Newtonsoft.Json.Serialization.JsonSerializerInternalReader.Deserialize(JsonReader reader, Type objectType, Boolean checkAdditionalContent)
   at Newtonsoft.Json.JsonSerializer.DeserializeInternal(JsonReader reader, Type objectType)
   at Newtonsoft.Json.JsonSerializer.Deserialize(JsonReader reader, Type objectType)
   at Newtonsoft.Json.JsonConvert.DeserializeObject(String value, Type type, JsonSerializerSettings settings)
   at Newtonsoft.Json.JsonConvert.DeserializeObject(String value)
   at KCureVDIDataBox.CApi.PrettifyJSON(String json) in C:\Users\User\Workspaces\visualStudio\Kcure-Data-Access\KCureDataAccess\CApi.cs:line 4717
   at KCureVDIDataBox.CApi.Send[T](String url, String jsonContent) in C:\Users\User\Workspaces\visualStudio\Kcure-Data-Access\KCureDataAccess\CApi.cs:line 4618
TargetSite:
Boolean ParsePostValue(Boolean)
==================================================
2023-07-11 09:13:14.919
Message:
After parsing a value an unexpected character was encountered: A. Path 'result.applyResult.authCode[0].AU006[221].carryFile', line 1796, position 27.
Source:
Newtonsoft.Json
StackTrace:
   at Newtonsoft.Json.JsonTextReader.ParsePostValue(Boolean ignoreComments)
   at Newtonsoft.Json.JsonTextReader.Read()
   at Newtonsoft.Json.JsonWriter.WriteToken(JsonReader reader, Boolean writeChildren, Boolean writeDateConstructorAsDate, Boolean writeComments)
   at Newtonsoft.Json.Linq.JTokenWriter.WriteToken(JsonReader reader, Boolean writeChildren, Boolean writeDateConstructorAsDate, Boolean writeComments)
   at Newtonsoft.Json.Serialization.JsonSerializerInternalReader.CreateJObject(JsonReader reader)
   at Newtonsoft.Json.Serialization.JsonSerializerInternalReader.CreateObject(JsonReader reader, Type objectType, JsonContract contract, JsonProperty member, JsonContainerContract containerContract, JsonProperty containerMember, Object existingValue)
   at Newtonsoft.Json.Serialization.JsonSerializerInternalReader.CreateValueInternal(JsonReader reader, Type objectType, JsonContract contract, JsonProperty member, JsonContainerContract containerContract, JsonProperty containerMember, Object existingValue)
   at Newtonsoft.Json.Serialization.JsonSerializerInternalReader.Deserialize(JsonReader reader, Type objectType, Boolean checkAdditionalContent)
   at Newtonsoft.Json.JsonSerializer.DeserializeInternal(JsonReader reader, Type objectType)
   at Newtonsoft.Json.JsonSerializer.Deserialize(JsonReader reader, Type objectType)
   at Newtonsoft.Json.JsonConvert.DeserializeObject(String value, Type type, JsonSerializerSettings settings)
   at Newtonsoft.Json.JsonConvert.DeserializeObject(String value)
   at KCureVDIDataBox.CApi.PrettifyJSON(String json) in C:\Users\User\Workspaces\visualStudio\Kcure-Data-Access\KCureDataAccess\CApi.cs:line 4713
   at KCureVDIDataBox.CApi.Send[T](String url, String jsonContent) in C:\Users\User\Workspaces\visualStudio\Kcure-Data-Access\KCureDataAccess\CApi.cs:line 4614
TargetSite:
Boolean ParsePostValue(Boolean)
==================================================
2023-07-11 10:40:23.339
Message:
연결된 구성원으로부터 응답이 없어 연결하지 못했거나, 호스트로부터 응답이 없어 연결이 끊어졌습니다.
Source:
Renci.SshNet
StackTrace:
   at Renci.SshNet.Abstractions.SocketAbstraction.ConnectCore(Socket socket, IPEndPoint remoteEndpoint, TimeSpan connectTimeout, Boolean ownsSocket)
   at Renci.SshNet.Abstractions.SocketAbstraction.Connect(Socket socket, IPEndPoint remoteEndpoint, TimeSpan connectTimeout)
   at Renci.SshNet.Connection.ConnectorBase.SocketConnect(String host, Int32 port, TimeSpan timeout)
   at Renci.SshNet.Connection.DirectConnector.Connect(IConnectionInfo connectionInfo)
   at Renci.SshNet.Session.Connect()
   at Renci.SshNet.BaseClient.CreateAndConnectSession()
   at Renci.SshNet.BaseClient.Connect()
   at KCureDataAccess.CFtpClient..ctor(String host, String user, String pass, Int32 port, Encoding encoding) in C:\Users\User\Workspaces\visualStudio\Kcure-Data-Access\KCureDataAccess\CFtpClient.cs:line 62
   at KCureVDIDataBox.CUiServer.GetFtpClient() in C:\Users\User\Workspaces\visualStudio\Kcure-Data-Access\KCureDataAccess\CUiServer.cs:line 145
   at KCureVDIDataBox.CUiServer..ctor(Boolean forCarry, Form frm, TextBox txtServer, TreeView tvwServer, ListView lvwServer, ListView lvwStatus, ProgressBar prgSub, ProgressBar prgMain, Button btnStop, Button btnRequestFile) in C:\Users\User\Workspaces\visualStudio\Kcure-Data-Access\KCureDataAccess\CUiServer.cs:line 48
   at KCureVDIDataBox.MainForm..ctor() in C:\Users\User\Workspaces\visualStudio\Kcure-Data-Access\KCureDataAccess\MainForm.cs:line 40
TargetSite:
Void ConnectCore(System.Net.Sockets.Socket, System.Net.IPEndPoint, System.TimeSpan, Boolean)
==================================================
2023-07-11 10:42:45.140
Message:
연결된 구성원으로부터 응답이 없어 연결하지 못했거나, 호스트로부터 응답이 없어 연결이 끊어졌습니다.
Source:
Renci.SshNet
StackTrace:
   at Renci.SshNet.Abstractions.SocketAbstraction.ConnectCore(Socket socket, IPEndPoint remoteEndpoint, TimeSpan connectTimeout, Boolean ownsSocket)
   at Renci.SshNet.Abstractions.SocketAbstraction.Connect(Socket socket, IPEndPoint remoteEndpoint, TimeSpan connectTimeout)
   at Renci.SshNet.Connection.ConnectorBase.SocketConnect(String host, Int32 port, TimeSpan timeout)
   at Renci.SshNet.Connection.DirectConnector.Connect(IConnectionInfo connectionInfo)
   at Renci.SshNet.Session.Connect()
   at Renci.SshNet.BaseClient.CreateAndConnectSession()
   at Renci.SshNet.BaseClient.Connect()
   at KCureDataAccess.CFtpClient..ctor(String host, String user, String pass, Int32 port, Encoding encoding) in C:\Users\User\Workspaces\visualStudio\Kcure-Data-Access\KCureDataAccess\CFtpClient.cs:line 62
   at KCureVDIDataBox.CUiServer.GetFtpClient() in C:\Users\User\Workspaces\visualStudio\Kcure-Data-Access\KCureDataAccess\CUiServer.cs:line 145
   at KCureVDIDataBox.CUiServer..ctor(Boolean forCarry, Form frm, TextBox txtServer, TreeView tvwServer, ListView lvwServer, ListView lvwStatus, ProgressBar prgSub, ProgressBar prgMain, Button btnStop, Button btnRequestFile) in C:\Users\User\Workspaces\visualStudio\Kcure-Data-Access\KCureDataAccess\CUiServer.cs:line 48
   at KCureVDIDataBox.MainForm..ctor() in C:\Users\User\Workspaces\visualStudio\Kcure-Data-Access\KCureDataAccess\MainForm.cs:line 40
TargetSite:
Void ConnectCore(System.Net.Sockets.Socket, System.Net.IPEndPoint, System.TimeSpan, Boolean)
